0 info it worked if it ends with ok
1 verbose cli [ '/usr/local/bin/node',
1 verbose cli   '/usr/local/bin/npm',
1 verbose cli   'install',
1 verbose cli   '-g',
1 verbose cli   'swagger' ]
2 info using npm@2.14.7
3 info using node@v4.2.1
4 verbose install initial load of /usr/local/lib/package.json
5 verbose readDependencies loading dependencies from /usr/local/lib/package.json
6 silly cache add args [ 'swagger', null ]
7 verbose cache add spec swagger
8 silly cache add parsed spec Result {
8 silly cache add   raw: 'swagger',
8 silly cache add   scope: null,
8 silly cache add   name: 'swagger',
8 silly cache add   rawSpec: '',
8 silly cache add   spec: '*',
8 silly cache add   type: 'range' }
9 silly addNamed swagger@*
10 verbose addNamed "*" is a valid semver range for swagger
11 silly addNameRange { name: 'swagger', range: '*', hasData: false }
12 silly mapToRegistry name swagger
13 silly mapToRegistry using default registry
14 silly mapToRegistry registry https://registry.npmjs.org/
15 silly mapToRegistry uri https://registry.npmjs.org/swagger
16 verbose addNameRange registry:https://registry.npmjs.org/swagger not in flight; fetching
17 verbose request uri https://registry.npmjs.org/swagger
18 verbose request no auth needed
19 info attempt registry request try #1 at 7:08:06 PM
20 verbose request id 377d06902bcb4d9a
21 http request GET https://registry.npmjs.org/swagger
22 http 200 https://registry.npmjs.org/swagger
23 verbose headers { server: 'CouchDB/1.5.0 (Erlang OTP/R16B03)',
23 verbose headers   etag: '"8XLXB7UYN2KUC0VCHS3ND72R5"',
23 verbose headers   'content-type': 'application/json',
23 verbose headers   'cache-control': 'max-age=300',
23 verbose headers   'content-length': '31470',
23 verbose headers   'accept-ranges': 'bytes',
23 verbose headers   date: 'Wed, 17 Feb 2016 21:08:04 GMT',
23 verbose headers   via: '1.1 varnish',
23 verbose headers   age: '0',
23 verbose headers   connection: 'keep-alive',
23 verbose headers   'x-served-by': 'cache-jfk1033-JFK',
23 verbose headers   'x-cache': 'MISS',
23 verbose headers   'x-cache-hits': '0',
23 verbose headers   'x-timer': 'S1455743284.846823,VS0,VE19',
23 verbose headers   vary: 'Accept' }
24 silly get cb [ 200,
24 silly get   { server: 'CouchDB/1.5.0 (Erlang OTP/R16B03)',
24 silly get     etag: '"8XLXB7UYN2KUC0VCHS3ND72R5"',
24 silly get     'content-type': 'application/json',
24 silly get     'cache-control': 'max-age=300',
24 silly get     'content-length': '31470',
24 silly get     'accept-ranges': 'bytes',
24 silly get     date: 'Wed, 17 Feb 2016 21:08:04 GMT',
24 silly get     via: '1.1 varnish',
24 silly get     age: '0',
24 silly get     connection: 'keep-alive',
24 silly get     'x-served-by': 'cache-jfk1033-JFK',
24 silly get     'x-cache': 'MISS',
24 silly get     'x-cache-hits': '0',
24 silly get     'x-timer': 'S1455743284.846823,VS0,VE19',
24 silly get     vary: 'Accept' } ]
25 verbose get saving swagger to /Users/felipediaspereira/.npm/registry.npmjs.org/swagger/.cache.json
26 silly addNameRange number 2 { name: 'swagger', range: '*', hasData: true }
27 silly addNameRange versions [ 'swagger',
27 silly addNameRange   [ '0.0.1',
27 silly addNameRange     '0.5.1',
27 silly addNameRange     '0.5.2',
27 silly addNameRange     '0.5.3',
27 silly addNameRange     '0.6.0',
27 silly addNameRange     '0.6.1',
27 silly addNameRange     '0.6.2',
27 silly addNameRange     '0.6.3',
27 silly addNameRange     '0.7.0',
27 silly addNameRange     '0.7.1',
27 silly addNameRange     '0.7.2',
27 silly addNameRange     '0.7.3',
27 silly addNameRange     '0.7.4',
27 silly addNameRange     '0.7.5' ] ]
28 silly addNamed swagger@0.7.5
29 verbose addNamed "0.7.5" is a plain semver version for swagger
30 silly mapToRegistry name swagger
31 silly mapToRegistry using default registry
32 silly mapToRegistry registry https://registry.npmjs.org/
33 silly mapToRegistry uri https://registry.npmjs.org/swagger
34 verbose addRemoteTarball https://registry.npmjs.org/swagger/-/swagger-0.7.5.tgz not in flight; adding
35 verbose addRemoteTarball [ 'https://registry.npmjs.org/swagger/-/swagger-0.7.5.tgz',
35 verbose addRemoteTarball   '3be6ee3d392c3b006fc7a9b5b2d60c7e834860fd' ]
36 info retry fetch attempt 1 at 7:08:07 PM
37 info attempt registry request try #1 at 7:08:07 PM
38 http fetch GET https://registry.npmjs.org/swagger/-/swagger-0.7.5.tgz
39 http fetch 200 https://registry.npmjs.org/swagger/-/swagger-0.7.5.tgz
40 silly fetchAndShaCheck shasum 3be6ee3d392c3b006fc7a9b5b2d60c7e834860fd
41 verbose addTmpTarball /var/folders/ln/8qzhzhv14xsbpmk8rqm0x9qc0000gn/T/npm-34681-a1add9dc/registry.npmjs.org/swagger/-/swagger-0.7.5.tgz not in flight; adding
42 verbose addTmpTarball already have metadata; skipping unpack for swagger@0.7.5
43 silly cache afterAdd swagger@0.7.5
44 verbose afterAdd /Users/felipediaspereira/.npm/swagger/0.7.5/package/package.json not in flight; writing
45 verbose afterAdd /Users/felipediaspereira/.npm/swagger/0.7.5/package/package.json written
46 silly install resolved [ { name: 'swagger',
46 silly install resolved     version: '0.7.5',
46 silly install resolved     description: 'The Swagger command-line. Provides Swagger utilities and project lifecycle support.',
46 silly install resolved     keywords: [ 'swagger', 'api', 'apis', 'connect', 'express' ],
46 silly install resolved     author: { name: 'Scott Ganyo', email: 'sganyo@apigee.com' },
46 silly install resolved     license: 'Apache 2.0',
46 silly install resolved     preferGlobal: true,
46 silly install resolved     main: 'index.js',
46 silly install resolved     repository:
46 silly install resolved      { type: 'git',
46 silly install resolved        url: 'git+https://github.com/swagger-api/swagger-node.git' },
46 silly install resolved     dependencies:
46 silly install resolved      { async: '^1.2.1',
46 silly install resolved        commander: '^2.7.1',
46 silly install resolved        connect: '^3.3.5',
46 silly install resolved        debug: '^2.1.3',
46 silly install resolved        'fs-extra': '^0.24.0',
46 silly install resolved        inquirer: '^0.10.0',
46 silly install resolved        'js-yaml': '^3.3.0',
46 silly install resolved        lodash: '^3.10.0',
46 silly install resolved        mocha: '^2.2.1',
46 silly install resolved        nodemon: '^1.3.7',
46 silly install resolved        'serve-static': '^1.9.2',
46 silly install resolved        'swagger-converter': '^0.2.0',
46 silly install resolved        'swagger-editor': '^2.9.2',
46 silly install resolved        'swagger-test-templates': '^1.2.0',
46 silly install resolved        'swagger-tools': '^0.9.0' },
46 silly install resolved     devDependencies:
46 silly install resolved      { chai: '^3.0.0',
46 silly install resolved        'mock-stdin': '^0.3.0',
46 silly install resolved        proxyquire: '^1.4.0',
46 silly install resolved        should: '^7.1.0',
46 silly install resolved        sinon: '^1.15.4',
46 silly install resolved        superagent: '^1.1.0',
46 silly install resolved        supertest: '^1.1.0',
46 silly install resolved        tmp: '^0.0.28',
46 silly install resolved        'z-schema': '^3.14.0' },
46 silly install resolved     scripts:
46 silly install resolved      { test: 'mocha -u exports -R spec test/config.js test/util test/commands test/commands/project test/project-skeletons',
46 silly install resolved        coverage: 'istanbul cover _mocha -- -u exports -R spec test/config.js test/util test/commands test/commands/project test/project-skeletons',
46 silly install resolved        start: 'node app.js' },
46 silly install resolved     bin:
46 silly install resolved      { swagger: 'bin/swagger.js',
46 silly install resolved        'swagger-project': 'bin/swagger-project.js' },
46 silly install resolved     gitHead: '91356200dee38487f3ecb7d67df3cb9dfc34af60',
46 silly install resolved     bugs: { url: 'https://github.com/swagger-api/swagger-node/issues' },
46 silly install resolved     homepage: 'https://github.com/swagger-api/swagger-node#readme',
46 silly install resolved     _id: 'swagger@0.7.5',
46 silly install resolved     _shasum: '3be6ee3d392c3b006fc7a9b5b2d60c7e834860fd',
46 silly install resolved     _from: 'swagger@*',
46 silly install resolved     _npmVersion: '3.3.6',
46 silly install resolved     _nodeVersion: '4.1.2',
46 silly install resolved     _npmUser: { name: 'scottganyo', email: 'scott@ganyo.com' },
46 silly install resolved     maintainers: [ [Object], [Object], [Object] ],
46 silly install resolved     dist:
46 silly install resolved      { shasum: '3be6ee3d392c3b006fc7a9b5b2d60c7e834860fd',
46 silly install resolved        tarball: 'http://registry.npmjs.org/swagger/-/swagger-0.7.5.tgz' },
46 silly install resolved     directories: {},
46 silly install resolved     _resolved: 'https://registry.npmjs.org/swagger/-/swagger-0.7.5.tgz' } ]
47 info install swagger@0.7.5 into /usr/local/lib
48 info installOne swagger@0.7.5
49 verbose installOne of swagger to /usr/local/lib not in flight; installing
50 verbose lock using /Users/felipediaspereira/.npm/_locks/swagger-0c31670134e86855.lock for /usr/local/lib/node_modules/swagger
51 silly install write writing swagger 0.7.5 to /usr/local/lib/node_modules/swagger
52 verbose unbuild lib/node_modules/swagger
53 silly gentlyRm /usr/local/lib/node_modules/swagger is being purged from base /usr/local
54 verbose gentlyRm don't care about contents; nuking /usr/local/lib/node_modules/swagger
55 verbose tar unpack /Users/felipediaspereira/.npm/swagger/0.7.5/package.tgz
56 verbose tar unpacking to /usr/local/lib/node_modules/swagger
57 silly gentlyRm /usr/local/lib/node_modules/swagger is being purged
58 verbose gentlyRm don't care about contents; nuking /usr/local/lib/node_modules/swagger
59 silly gunzTarPerm modes [ '755', '644' ]
60 error tar.unpack untar error /Users/felipediaspereira/.npm/swagger/0.7.5/package.tgz
61 verbose unlock done using /Users/felipediaspereira/.npm/_locks/swagger-0c31670134e86855.lock for /usr/local/lib/node_modules/swagger
62 verbose fstream_path /usr/local/lib/node_modules/swagger
63 verbose fstream_type Directory
64 verbose fstream_class DirWriter
65 verbose stack Error: EACCES: permission denied, mkdir '/usr/local/lib/node_modules/swagger'
65 verbose stack     at Error (native)
66 verbose fstream_stack /usr/local/lib/node_modules/npm/node_modules/fstream/lib/dir-writer.js:35:25
66 verbose fstream_stack /usr/local/lib/node_modules/npm/node_modules/mkdirp/index.js:47:53
66 verbose fstream_stack FSReqWrap.oncomplete (fs.js:82:15)
67 verbose cwd /Users/felipediaspereira/Documents/Code/NFC-E-Server
68 error Darwin 15.3.0
69 error argv "/usr/local/bin/node" "/usr/local/bin/npm" "install" "-g" "swagger"
70 error node v4.2.1
71 error npm  v2.14.7
72 error path /usr/local/lib/node_modules/swagger
73 error code EACCES
74 error errno -13
75 error syscall mkdir
76 error Error: EACCES: permission denied, mkdir '/usr/local/lib/node_modules/swagger'
76 error     at Error (native)
76 error  { [Error: EACCES: permission denied, mkdir '/usr/local/lib/node_modules/swagger']
76 error   errno: -13,
76 error   code: 'EACCES',
76 error   syscall: 'mkdir',
76 error   path: '/usr/local/lib/node_modules/swagger',
76 error   fstream_type: 'Directory',
76 error   fstream_path: '/usr/local/lib/node_modules/swagger',
76 error   fstream_class: 'DirWriter',
76 error   fstream_stack:
76 error    [ '/usr/local/lib/node_modules/npm/node_modules/fstream/lib/dir-writer.js:35:25',
76 error      '/usr/local/lib/node_modules/npm/node_modules/mkdirp/index.js:47:53',
76 error      'FSReqWrap.oncomplete (fs.js:82:15)' ] }
77 error Please try running this command again as root/Administrator.
78 verbose exit [ -13, true ]
79 verbose unbuild lib/node_modules/swagger
80 silly gentlyRm /usr/local/lib/node_modules/swagger is being purged from base /usr/local
81 verbose gentlyRm don't care about contents; nuking /usr/local/lib/node_modules/swagger
